-------------------------------------------------------------------------------
Test set: fr.univavignon.pokedex.api.PokemonFactoryTest
-------------------------------------------------------------------------------
Tests run: 5, Failures: 1, Errors: 0, Skipped: 0, Time elapsed: 0.042 s <<< FAILURE! - in fr.univavignon.pokedex.api.PokemonFactoryTest
fr.univavignon.pokedex.api.PokemonFactoryTest.testIVConsistency  Time elapsed: 0.012 s  <<< FAILURE!
org.opentest4j.AssertionFailedError: expected: not equal but was: <105>
	at fr.univavignon.pokedex.api.PokemonFactoryTest.testIVConsistency(PokemonFactoryTest.java:65)

